Using pre-set license
Built from '2022.3/release' branch; Version is '2022.3.18f1 (d29bea25151d) revision 13802474'; Using compiler version '192829333'; Build Type 'Release'
OS: 'Windows 11  (10.0.22631) 64bit Core' Language: 'en' Physical Memory: 32581 MB
BatchMode: 1, IsHumanControllingUs: 0, StartBugReporterOnCrash: 0, Is64bit: 1, IsPro: 1

COMMAND LINE ARGUMENTS:
C:\Program Files\Unity\Hub\Editor\2022.3.18f1\Editor\Unity.exe
-adb2
-batchMode
-noUpm
-name
AssetImportWorker2
-projectPath
C:/Users/olema/UnityProjects/HollowEarth_Prototyping
-logFile
Logs/AssetImportWorker2.log
-srvPort
51576
Successfully changed project path to: C:/Users/olema/UnityProjects/HollowEarth_Prototyping
C:/Users/olema/UnityProjects/HollowEarth_Prototyping
[UnityMemory] Configuration Parameters - Can be set up in boot.config
    "memorysetup-bucket-allocator-granularity=16"
    "memorysetup-bucket-allocator-bucket-count=8"
    "memorysetup-bucket-allocator-block-size=33554432"
    "memorysetup-bucket-allocator-block-count=8"
    "memorysetup-main-allocator-block-size=16777216"
    "memorysetup-thread-allocator-block-size=16777216"
    "memorysetup-gfx-main-allocator-block-size=16777216"
    "memorysetup-gfx-thread-allocator-block-size=16777216"
    "memorysetup-cache-allocator-block-size=4194304"
    "memorysetup-typetree-allocator-block-size=2097152"
    "memorysetup-profiler-bucket-allocator-granularity=16"
    "memorysetup-profiler-bucket-allocator-bucket-count=8"
    "memorysetup-profiler-bucket-allocator-block-size=33554432"
    "memorysetup-profiler-bucket-allocator-block-count=8"
    "memorysetup-profiler-allocator-block-size=16777216"
    "memorysetup-profiler-editor-allocator-block-size=1048576"
    "memorysetup-temp-allocator-size-main=16777216"
    "memorysetup-job-temp-allocator-block-size=2097152"
    "memorysetup-job-temp-allocator-block-size-background=1048576"
    "memorysetup-job-temp-allocator-reduction-small-platforms=262144"
    "memorysetup-allocator-temp-initial-block-size-main=262144"
    "memorysetup-allocator-temp-initial-block-size-worker=262144"
    "memorysetup-temp-allocator-size-background-worker=32768"
    "memorysetup-temp-allocator-size-job-worker=262144"
    "memorysetup-temp-allocator-size-preload-manager=33554432"
    "memorysetup-temp-allocator-size-nav-mesh-worker=65536"
    "memorysetup-temp-allocator-size-audio-worker=65536"
    "memorysetup-temp-allocator-size-cloud-worker=32768"
    "memorysetup-temp-allocator-size-gi-baking-worker=262144"
    "memorysetup-temp-allocator-size-gfx=262144"
Player connection [20460] Host "[IP] 10.171.0.80 [Port] 0 [Flags] 2 [Guid] 4272183052 [EditorId] 4272183052 [Version] 1048832 [Id] WindowsEditor(7,Tim) [Debug] 1 [PackageName] WindowsEditor [ProjectName] Editor" joined multi-casting on [225.0.0.222:54997]...

Player connection [20460] Host "[IP] 10.171.0.80 [Port] 0 [Flags] 2 [Guid] 4272183052 [EditorId] 4272183052 [Version] 1048832 [Id] WindowsEditor(7,Tim) [Debug] 1 [PackageName] WindowsEditor [ProjectName] Editor" joined alternative multi-casting on [225.0.0.222:34997]...

[Physics::Module] Initialized MultithreadedJobDispatcher with 23 workers.
Refreshing native plugins compatible for Editor in 7.07 ms, found 3 plugins.
Preloading 0 native plugins for Editor in 0.00 ms.
Initialize engine version: 2022.3.18f1 (d29bea25151d)
[Subsystems] Discovering subsystems at path C:/Program Files/Unity/Hub/Editor/2022.3.18f1/Editor/Data/Resources/UnitySubsystems
[Subsystems] Discovering subsystems at path C:/Users/olema/UnityProjects/HollowEarth_Prototyping/Assets
GfxDevice: creating device client; threaded=0; jobified=0
Direct3D:
    Version:  Direct3D 11.0 [level 11.1]
    Renderer: NVIDIA GeForce RTX 3070 (ID=0x2488)
    Vendor:   NVIDIA
    VRAM:     8018 MB
    Driver:   32.0.15.6094
Initialize mono
Mono path[0] = 'C:/Program Files/Unity/Hub/Editor/2022.3.18f1/Editor/Data/Managed'
Mono path[1] = 'C:/Program Files/Unity/Hub/Editor/2022.3.18f1/Editor/Data/MonoBleedingEdge/lib/mono/unityjit-win32'
Mono config path = 'C:/Program Files/Unity/Hub/Editor/2022.3.18f1/Editor/Data/MonoBleedingEdge/etc'
Using monoOptions --debugger-agent=transport=dt_socket,embedding=1,server=y,suspend=n,address=127.0.0.1:56456
Begin MonoManager ReloadAssembly
Registering precompiled unity dll's ...
Register platform support module: C:/Program Files/Unity/Hub/Editor/2022.3.18f1/Editor/Data/PlaybackEngines/AndroidPlayer/UnityEditor.Android.Extensions.dll
Register platform support module: C:/Program Files/Unity/Hub/Editor/2022.3.18f1/Editor/Data/PlaybackEngines/WindowsStandaloneSupport/UnityEditor.WindowsStandalone.Extensions.dll
Registered in 0.004731 seconds.
- Loaded All Assemblies, in  0.210 seconds
Native extension for WindowsStandalone target not found
Native extension for Android target not found
Android Extension - Scanning For ADB Devices 185 ms
Mono: successfully reloaded assembly
- Finished resetting the current domain, in  0.380 seconds
Domain Reload Profiling: 590ms
	BeginReloadAssembly (66ms)
		ExecutionOrderSort (0ms)
		DisableScriptedObjects (0ms)
		BackupInstance (0ms)
		ReleaseScriptingObjects (0ms)
		CreateAndSetChildDomain (0ms)
	RebuildCommonClasses (19ms)
	RebuildNativeTypeToScriptingClass (6ms)
	initialDomainReloadingComplete (34ms)
	LoadAllAssembliesAndSetupDomain (84ms)
		LoadAssemblies (65ms)
		RebuildTransferFunctionScriptingTraits (0ms)
		AnalyzeDomain (82ms)
			TypeCache.Refresh (82ms)
				TypeCache.ScanAssembly (74ms)
			ScanForSourceGeneratedMonoScriptInfo (0ms)
			ResolveRequiredComponents (0ms)
	FinalizeReload (380ms)
		ReleaseScriptCaches (0ms)
		RebuildScriptCaches (0ms)
		SetupLoadedEditorAssemblies (348ms)
			LogAssemblyErrors (0ms)
			InitializePlatformSupportModulesInManaged (257ms)
			SetLoadedEditorAssemblies (2ms)
			RefreshPlugins (0ms)
			BeforeProcessingInitializeOnLoad (1ms)
			ProcessInitializeOnLoadAttributes (62ms)
			ProcessInitializeOnLoadMethodAttributes (26ms)
			AfterProcessingInitializeOnLoad (0ms)
			EditorAssembliesLoaded (0ms)
		ExecutionOrderSort2 (0ms)
		AwakeInstancesAfterBackupRestoration (0ms)
========================================================================
Worker process is ready to serve import requests
Begin MonoManager ReloadAssembly
- Loaded All Assemblies, in  0.457 seconds
Refreshing native plugins compatible for Editor in 2.52 ms, found 3 plugins.
Native extension for WindowsStandalone target not found
Native extension for Android target not found
Package Manager log level set to [2]
[Package Manager] Server::EnsureServerProcessIsRunning -- launch failed, reason: Unity was launched with the -noUpm command-line argument
[Package Manager] UpmClient::Send -- Unable to send message (not connected to UPM process).
[Package Manager] Cannot connect to Unity Package Manager local server
Mono: successfully reloaded assembly
- Finished resetting the current domain, in  0.503 seconds
Domain Reload Profiling: 958ms
	BeginReloadAssembly (96ms)
		ExecutionOrderSort (0ms)
		DisableScriptedObjects (3ms)
		BackupInstance (0ms)
		ReleaseScriptingObjects (0ms)
		CreateAndSetChildDomain (13ms)
	RebuildCommonClasses (23ms)
	RebuildNativeTypeToScriptingClass (7ms)
	initialDomainReloadingComplete (31ms)
	LoadAllAssembliesAndSetupDomain (297ms)
		LoadAssemblies (221ms)
		RebuildTransferFunctionScriptingTraits (0ms)
		AnalyzeDomain (134ms)
			TypeCache.Refresh (114ms)
				TypeCache.ScanAssembly (102ms)
			ScanForSourceGeneratedMonoScriptInfo (14ms)
			ResolveRequiredComponents (5ms)
	FinalizeReload (503ms)
		ReleaseScriptCaches (0ms)
		RebuildScriptCaches (0ms)
		SetupLoadedEditorAssemblies (403ms)
			LogAssemblyErrors (0ms)
			InitializePlatformSupportModulesInManaged (14ms)
			SetLoadedEditorAssemblies (2ms)
			RefreshPlugins (0ms)
			BeforeProcessingInitializeOnLoad (45ms)
			ProcessInitializeOnLoadAttributes (306ms)
			ProcessInitializeOnLoadMethodAttributes (31ms)
			AfterProcessingInitializeOnLoad (5ms)
			EditorAssembliesLoaded (0ms)
		ExecutionOrderSort2 (0ms)
		AwakeInstancesAfterBackupRestoration (4ms)
Launched and connected shader compiler UnityShaderCompiler.exe after 0.04 seconds
Refreshing native plugins compatible for Editor in 4.34 ms, found 3 plugins.
Preloading 0 native plugins for Editor in 0.00 ms.
Unloading 5565 Unused Serialized files (Serialized files now loaded: 0)
Unloading 81 unused Assets / (0.7 MB). Loaded Objects now: 6021.
Memory consumption went from 230.1 MB to 229.4 MB.
Total: 4.096200 ms (FindLiveObjects: 0.390000 ms CreateObjectMapping: 0.141800 ms MarkObjects: 3.184500 ms  DeleteObjects: 0.378600 ms)

AssetImportParameters requested are different than current active one (requested -> active):
  custom:container-demuxer-ogg: 62fdf1f143b41e24485cea50d1cbac27 -> 
  custom:video-codec-MediaFoundation-h265: 746d11721c4dcdbdad8f713fa42b33f4 -> 
  custom:video-decoder-ogg-theora: a1e56fd34408186e4bbccfd4996cb3dc -> 
  custom:framework-win-MediaFoundation: 216162199b28c13a410421893ffa2e32 -> 
  custom:CustomObjectIndexerAttribute: 62b5816608c3102f162a1797e29626cf -> 
  custom:container-demuxer-webm: 4f35f7cbe854078d1ac9338744f61a02 -> 
  custom:container-muxer-webm: aa71ff27fc2769a1b78a27578f13a17b -> 
  custom:video-decoder-webm-vp8: 9c59270c3fd7afecdb556c50c9e8de78 -> 
  custom:SearchIndexIgnoredProperties: e643bd26f0fe6173181afceb89e7c659 -> 
  custom:AudioImporter_EditorPlatform: d09bf68614088b80899f8185d706f6e7 -> 
  custom:video-encoder-webm-vp8: eb34c28f22e8b96e1ab97ce403110664 -> 
  custom:audio-decoder-ogg-vorbis: bf7c407c2cedff20999df2af8eb42d56 -> 
  custom:audio-encoder-webm-vorbis: bf7c407c2cedff20999df2af8eb42d56 -> 
========================================================================
Received Import Request.
  Time since last request: 17772.307924 seconds.
  path: Assets/Prefabs/LeafTreeSmall.prefab
  artifactKey: Guid(6399d96adcba8c54a9635b7e6badc901) Importer(815301076,1909f56bfc062723c751e8b465ee728b)
Start importing Assets/Prefabs/LeafTreeSmall.prefab using Guid(6399d96adcba8c54a9635b7e6badc901) Importer(815301076,1909f56bfc062723c751e8b465ee728b)  -> (artifact id: '5aa2579b1ece54d840f3da603ca09777') in 0.174321 seconds
Number of updated asset objects reloaded before import = 0
Number of asset objects unloaded after import = 26
========================================================================
Received Import Request.
  Time since last request: 77.202880 seconds.
  path: Assets/Materials/ShadowDecal.mat
  artifactKey: Guid(798f6654526ea8043bbc34cef6ca7980) Importer(815301076,1909f56bfc062723c751e8b465ee728b)
Start importing Assets/Materials/ShadowDecal.mat using Guid(798f6654526ea8043bbc34cef6ca7980) Importer(815301076,1909f56bfc062723c751e8b465ee728b)  -> (artifact id: 'f7a52d400a949cf7c073513e0939ed3d') in 0.023149 seconds
Number of updated asset objects reloaded before import = 0
Number of asset objects unloaded after import = 3
========================================================================
Received Import Request.
  Time since last request: 262.656416 seconds.
  path: Assets/Materials/ShadowDecal.mat
  artifactKey: Guid(798f6654526ea8043bbc34cef6ca7980) Importer(815301076,1909f56bfc062723c751e8b465ee728b)
Start importing Assets/Materials/ShadowDecal.mat using Guid(798f6654526ea8043bbc34cef6ca7980) Importer(815301076,1909f56bfc062723c751e8b465ee728b)  -> (artifact id: '44334865b1833812cbc802a3e7b65283') in 0.439226 seconds
Number of updated asset objects reloaded before import = 2
Number of asset objects unloaded after import = 2
========================================================================
Received Import Request.
  Time since last request: 3.688822 seconds.
  path: Assets/Prefabs/LeafTreeSmall.prefab
  artifactKey: Guid(6399d96adcba8c54a9635b7e6badc901) Importer(815301076,1909f56bfc062723c751e8b465ee728b)
Start importing Assets/Prefabs/LeafTreeSmall.prefab using Guid(6399d96adcba8c54a9635b7e6badc901) Importer(815301076,1909f56bfc062723c751e8b465ee728b)  -> (artifact id: '367631a18f874c60d330adef7a7f4b4b') in 0.011326 seconds
Number of updated asset objects reloaded before import = 0
Number of asset objects unloaded after import = 27
========================================================================
Received Import Request.
  Time since last request: 12.000479 seconds.
  path: Assets/Prefabs/LeafTreeSmall.prefab
  artifactKey: Guid(6399d96adcba8c54a9635b7e6badc901) Importer(815301076,1909f56bfc062723c751e8b465ee728b)
Start importing Assets/Prefabs/LeafTreeSmall.prefab using Guid(6399d96adcba8c54a9635b7e6badc901) Importer(815301076,1909f56bfc062723c751e8b465ee728b)  -> (artifact id: '92c1a80f6221ba4fc1ab7de1fbedf429') in 0.013787 seconds
Number of updated asset objects reloaded before import = 0
Number of asset objects unloaded after import = 27
========================================================================
Received Import Request.
  Time since last request: 0.571711 seconds.
  path: Assets/Prefabs/LeafTreeSmall.prefab
  artifactKey: Guid(6399d96adcba8c54a9635b7e6badc901) Importer(815301076,1909f56bfc062723c751e8b465ee728b)
Start importing Assets/Prefabs/LeafTreeSmall.prefab using Guid(6399d96adcba8c54a9635b7e6badc901) Importer(815301076,1909f56bfc062723c751e8b465ee728b)  -> (artifact id: '292bddfeb6c0437b31e35d8905368ce4') in 0.012031 seconds
Number of updated asset objects reloaded before import = 0
Number of asset objects unloaded after import = 27
========================================================================
Received Import Request.
  Time since last request: 5.627934 seconds.
  path: Assets/Prefabs/LeafTreeSmall.prefab
  artifactKey: Guid(6399d96adcba8c54a9635b7e6badc901) Importer(815301076,1909f56bfc062723c751e8b465ee728b)
Start importing Assets/Prefabs/LeafTreeSmall.prefab using Guid(6399d96adcba8c54a9635b7e6badc901) Importer(815301076,1909f56bfc062723c751e8b465ee728b)  -> (artifact id: 'fce260134717599e08005b9239487e92') in 0.012916 seconds
Number of updated asset objects reloaded before import = 0
Number of asset objects unloaded after import = 27
========================================================================
Received Import Request.
  Time since last request: 1.186123 seconds.
  path: Assets/Prefabs/LeafTreeSmall.prefab
  artifactKey: Guid(6399d96adcba8c54a9635b7e6badc901) Importer(815301076,1909f56bfc062723c751e8b465ee728b)
Start importing Assets/Prefabs/LeafTreeSmall.prefab using Guid(6399d96adcba8c54a9635b7e6badc901) Importer(815301076,1909f56bfc062723c751e8b465ee728b)  -> (artifact id: '4c095215ca5168502f6954d4f6da30a1') in 0.014312 seconds
Number of updated asset objects reloaded before import = 0
Number of asset objects unloaded after import = 27
========================================================================
Received Import Request.
  Time since last request: 1.995052 seconds.
  path: Assets/Prefabs/LeafTreeSmall.prefab
  artifactKey: Guid(6399d96adcba8c54a9635b7e6badc901) Importer(815301076,1909f56bfc062723c751e8b465ee728b)
Start importing Assets/Prefabs/LeafTreeSmall.prefab using Guid(6399d96adcba8c54a9635b7e6badc901) Importer(815301076,1909f56bfc062723c751e8b465ee728b)  -> (artifact id: '2690351755e88b9b2867fb17ca64ff6a') in 0.011999 seconds
Number of updated asset objects reloaded before import = 0
Number of asset objects unloaded after import = 27
========================================================================
Received Import Request.
  Time since last request: 1.590437 seconds.
  path: Assets/Prefabs/LeafTreeSmall.prefab
  artifactKey: Guid(6399d96adcba8c54a9635b7e6badc901) Importer(815301076,1909f56bfc062723c751e8b465ee728b)
Start importing Assets/Prefabs/LeafTreeSmall.prefab using Guid(6399d96adcba8c54a9635b7e6badc901) Importer(815301076,1909f56bfc062723c751e8b465ee728b)  -> (artifact id: '592dbe67a8923c398949ea458f15e6fa') in 0.014797 seconds
Number of updated asset objects reloaded before import = 0
Number of asset objects unloaded after import = 27
========================================================================
Received Import Request.
  Time since last request: 0.980401 seconds.
  path: Assets/Prefabs/LeafTreeSmall.prefab
  artifactKey: Guid(6399d96adcba8c54a9635b7e6badc901) Importer(815301076,1909f56bfc062723c751e8b465ee728b)
Start importing Assets/Prefabs/LeafTreeSmall.prefab using Guid(6399d96adcba8c54a9635b7e6badc901) Importer(815301076,1909f56bfc062723c751e8b465ee728b)  -> (artifact id: '6ef88d5c1021a1df787f968f64888814') in 0.012954 seconds
Number of updated asset objects reloaded before import = 0
Number of asset objects unloaded after import = 27
========================================================================
Received Import Request.
  Time since last request: 8.039838 seconds.
  path: Assets/Prefabs/LeafTreeSmall.prefab
  artifactKey: Guid(6399d96adcba8c54a9635b7e6badc901) Importer(815301076,1909f56bfc062723c751e8b465ee728b)
Start importing Assets/Prefabs/LeafTreeSmall.prefab using Guid(6399d96adcba8c54a9635b7e6badc901) Importer(815301076,1909f56bfc062723c751e8b465ee728b)  -> (artifact id: '7a0277c61b95cf01785a1bee0389a148') in 0.012030 seconds
Number of updated asset objects reloaded before import = 0
Number of asset objects unloaded after import = 27
========================================================================
Received Import Request.
  Time since last request: 62.038758 seconds.
  path: Assets/Materials/Shaders/Vegetation.shadergraph
  artifactKey: Guid(9be986502400d5d4b9546802304771cf) Importer(815301076,1909f56bfc062723c751e8b465ee728b)
Start importing Assets/Materials/Shaders/Vegetation.shadergraph using Guid(9be986502400d5d4b9546802304771cf) Importer(815301076,1909f56bfc062723c751e8b465ee728b)  -> (artifact id: '75edeef693290374357ca33ce616cdf9') in 0.010651 seconds
Number of updated asset objects reloaded before import = 0
Number of asset objects unloaded after import = 2
========================================================================
Received Prepare
Begin MonoManager ReloadAssembly
- Loaded All Assemblies, in  0.314 seconds
Refreshing native plugins compatible for Editor in 2.78 ms, found 3 plugins.
Native extension for WindowsStandalone target not found
Native extension for Android target not found
[Package Manager] Server::EnsureServerProcessIsRunning -- launch failed, reason: Unity was launched with the -noUpm command-line argument
[Package Manager] UpmClient::Send -- Unable to send message (not connected to UPM process).
[Package Manager] Cannot connect to Unity Package Manager local server
Mono: successfully reloaded assembly
- Finished resetting the current domain, in  0.810 seconds
Domain Reload Profiling: 1122ms
	BeginReloadAssembly (113ms)
		ExecutionOrderSort (0ms)
		DisableScriptedObjects (5ms)
		BackupInstance (0ms)
		ReleaseScriptingObjects (0ms)
		CreateAndSetChildDomain (30ms)
	RebuildCommonClasses (19ms)
	RebuildNativeTypeToScriptingClass (7ms)
	initialDomainReloadingComplete (20ms)
	LoadAllAssembliesAndSetupDomain (153ms)
		LoadAssemblies (194ms)
		RebuildTransferFunctionScriptingTraits (0ms)
		AnalyzeDomain (12ms)
			TypeCache.Refresh (4ms)
				TypeCache.ScanAssembly (0ms)
			ScanForSourceGeneratedMonoScriptInfo (0ms)
			ResolveRequiredComponents (6ms)
	FinalizeReload (811ms)
		ReleaseScriptCaches (0ms)
		RebuildScriptCaches (0ms)
		SetupLoadedEditorAssemblies (377ms)
			LogAssemblyErrors (0ms)
			InitializePlatformSupportModulesInManaged (15ms)
			SetLoadedEditorAssemblies (2ms)
			RefreshPlugins (0ms)
			BeforeProcessingInitializeOnLoad (44ms)
			ProcessInitializeOnLoadAttributes (280ms)
			ProcessInitializeOnLoadMethodAttributes (31ms)
			AfterProcessingInitializeOnLoad (5ms)
			EditorAssembliesLoaded (0ms)
		ExecutionOrderSort2 (0ms)
		AwakeInstancesAfterBackupRestoration (11ms)
Refreshing native plugins compatible for Editor in 4.40 ms, found 3 plugins.
Preloading 0 native plugins for Editor in 0.00 ms.
Unloading 5404 Unused Serialized files (Serialized files now loaded: 0)
Unloading 50 unused Assets / (0.7 MB). Loaded Objects now: 6105.
Memory consumption went from 203.8 MB to 203.1 MB.
Total: 4.550100 ms (FindLiveObjects: 0.461900 ms CreateObjectMapping: 0.158100 ms MarkObjects: 3.469800 ms  DeleteObjects: 0.459200 ms)

Prepare: number of updated asset objects reloaded= 0
AssetImportParameters requested are different than current active one (requested -> active):
  custom:container-demuxer-ogg: 62fdf1f143b41e24485cea50d1cbac27 -> 
  custom:video-codec-MediaFoundation-h265: 746d11721c4dcdbdad8f713fa42b33f4 -> 
  custom:video-decoder-ogg-theora: a1e56fd34408186e4bbccfd4996cb3dc -> 
  custom:framework-win-MediaFoundation: 216162199b28c13a410421893ffa2e32 -> 
  custom:CustomObjectIndexerAttribute: 62b5816608c3102f162a1797e29626cf -> 
  custom:container-demuxer-webm: 4f35f7cbe854078d1ac9338744f61a02 -> 
  custom:container-muxer-webm: aa71ff27fc2769a1b78a27578f13a17b -> 
  custom:video-decoder-webm-vp8: 9c59270c3fd7afecdb556c50c9e8de78 -> 
  custom:SearchIndexIgnoredProperties: e643bd26f0fe6173181afceb89e7c659 -> 
  custom:AudioImporter_EditorPlatform: d09bf68614088b80899f8185d706f6e7 -> 
  custom:video-encoder-webm-vp8: eb34c28f22e8b96e1ab97ce403110664 -> 
  custom:audio-decoder-ogg-vorbis: bf7c407c2cedff20999df2af8eb42d56 -> 
  custom:audio-encoder-webm-vorbis: bf7c407c2cedff20999df2af8eb42d56 -> 
========================================================================
Received Import Request.
  Time since last request: 297.894586 seconds.
  path: Assets/Prefabs/LeafTreeSmall.prefab
  artifactKey: Guid(6399d96adcba8c54a9635b7e6badc901) Importer(815301076,1909f56bfc062723c751e8b465ee728b)
Start importing Assets/Prefabs/LeafTreeSmall.prefab using Guid(6399d96adcba8c54a9635b7e6badc901) Importer(815301076,1909f56bfc062723c751e8b465ee728b)  -> (artifact id: '83617c94bce1f1f4c6aa64ff9b2b6d43') in 0.168316 seconds
Number of updated asset objects reloaded before import = 0
Number of asset objects unloaded after import = 45
========================================================================
Received Import Request.
  Time since last request: 21.758306 seconds.
  path: Assets/Settings/URP-HighFidelity-Renderer.asset
  artifactKey: Guid(c40be3174f62c4acf8c1216858c64956) Importer(815301076,1909f56bfc062723c751e8b465ee728b)
Start importing Assets/Settings/URP-HighFidelity-Renderer.asset using Guid(c40be3174f62c4acf8c1216858c64956) Importer(815301076,1909f56bfc062723c751e8b465ee728b)  -> (artifact id: '6969be4f75cc0e63b6a358fe91efe608') in 0.000815 seconds
Number of updated asset objects reloaded before import = 0
Number of asset objects unloaded after import = 0
========================================================================
Received Import Request.
  Time since last request: 34.983522 seconds.
  path: Assets/Materials/ShadowDecal.mat
  artifactKey: Guid(798f6654526ea8043bbc34cef6ca7980) Importer(815301076,1909f56bfc062723c751e8b465ee728b)
Start importing Assets/Materials/ShadowDecal.mat using Guid(798f6654526ea8043bbc34cef6ca7980) Importer(815301076,1909f56bfc062723c751e8b465ee728b)  -> (artifact id: 'a23f0fd7be55c417cc5a97b79d1a1794') in 0.021010 seconds
Number of updated asset objects reloaded before import = 3
Number of asset objects unloaded after import = 2
========================================================================
Received Import Request.
  Time since last request: 670.466825 seconds.
  path: Assets/Materials/Textures/FadedCircle.png
  artifactKey: Guid(6c208aaa172c6314890c4c232f36e755) Importer(815301076,1909f56bfc062723c751e8b465ee728b)
Start importing Assets/Materials/Textures/FadedCircle.png using Guid(6c208aaa172c6314890c4c232f36e755) Importer(815301076,1909f56bfc062723c751e8b465ee728b)  -> (artifact id: 'f235de3d53bd4b4ba0792fb9f77b99dc') in 0.020751 seconds
Number of updated asset objects reloaded before import = 0
Number of asset objects unloaded after import = 2
========================================================================
Received Import Request.
  Time since last request: 12.322290 seconds.
  path: Assets/Materials/ShadowDecal.mat
  artifactKey: Guid(798f6654526ea8043bbc34cef6ca7980) Importer(815301076,1909f56bfc062723c751e8b465ee728b)
Start importing Assets/Materials/ShadowDecal.mat using Guid(798f6654526ea8043bbc34cef6ca7980) Importer(815301076,1909f56bfc062723c751e8b465ee728b)  -> (artifact id: '03301aca3da337f6419369324d564af0') in 0.010784 seconds
Number of updated asset objects reloaded before import = 0
Number of asset objects unloaded after import = 3
========================================================================
Received Prepare
Begin MonoManager ReloadAssembly
- Loaded All Assemblies, in  0.308 seconds
Refreshing native plugins compatible for Editor in 2.61 ms, found 3 plugins.
Native extension for WindowsStandalone target not found
Native extension for Android target not found
[Package Manager] Server::EnsureServerProcessIsRunning -- launch failed, reason: Unity was launched with the -noUpm command-line argument
[Package Manager] UpmClient::Send -- Unable to send message (not connected to UPM process).
[Package Manager] Cannot connect to Unity Package Manager local server
Mono: successfully reloaded assembly
- Finished resetting the current domain, in  0.839 seconds
Domain Reload Profiling: 1145ms
	BeginReloadAssembly (110ms)
		ExecutionOrderSort (0ms)
		DisableScriptedObjects (5ms)
		BackupInstance (0ms)
		ReleaseScriptingObjects (0ms)
		CreateAndSetChildDomain (29ms)
	RebuildCommonClasses (18ms)
	RebuildNativeTypeToScriptingClass (7ms)
	initialDomainReloadingComplete (19ms)
	LoadAllAssembliesAndSetupDomain (152ms)
		LoadAssemblies (192ms)
		RebuildTransferFunctionScriptingTraits (0ms)
		AnalyzeDomain (12ms)
			TypeCache.Refresh (5ms)
				TypeCache.ScanAssembly (0ms)
			ScanForSourceGeneratedMonoScriptInfo (0ms)
			ResolveRequiredComponents (6ms)
	FinalizeReload (839ms)
		ReleaseScriptCaches (0ms)
		RebuildScriptCaches (0ms)
		SetupLoadedEditorAssemblies (367ms)
			LogAssemblyErrors (0ms)
			InitializePlatformSupportModulesInManaged (14ms)
			SetLoadedEditorAssemblies (2ms)
			RefreshPlugins (0ms)
			BeforeProcessingInitializeOnLoad (43ms)
			ProcessInitializeOnLoadAttributes (274ms)
			ProcessInitializeOnLoadMethodAttributes (29ms)
			AfterProcessingInitializeOnLoad (4ms)
			EditorAssembliesLoaded (0ms)
		ExecutionOrderSort2 (0ms)
		AwakeInstancesAfterBackupRestoration (11ms)
Refreshing native plugins compatible for Editor in 3.51 ms, found 3 plugins.
Preloading 0 native plugins for Editor in 0.00 ms.
Unloading 5404 Unused Serialized files (Serialized files now loaded: 0)
Unloading 50 unused Assets / (0.7 MB). Loaded Objects now: 6147.
Memory consumption went from 205.8 MB to 205.1 MB.
Total: 4.692000 ms (FindLiveObjects: 0.471800 ms CreateObjectMapping: 0.164700 ms MarkObjects: 3.585500 ms  DeleteObjects: 0.468700 ms)

Prepare: number of updated asset objects reloaded= 0
AssetImportParameters requested are different than current active one (requested -> active):
  custom:container-demuxer-ogg: 62fdf1f143b41e24485cea50d1cbac27 -> 
  custom:video-codec-MediaFoundation-h265: 746d11721c4dcdbdad8f713fa42b33f4 -> 
  custom:video-decoder-ogg-theora: a1e56fd34408186e4bbccfd4996cb3dc -> 
  custom:framework-win-MediaFoundation: 216162199b28c13a410421893ffa2e32 -> 
  custom:CustomObjectIndexerAttribute: 62b5816608c3102f162a1797e29626cf -> 
  custom:container-demuxer-webm: 4f35f7cbe854078d1ac9338744f61a02 -> 
  custom:container-muxer-webm: aa71ff27fc2769a1b78a27578f13a17b -> 
  custom:video-decoder-webm-vp8: 9c59270c3fd7afecdb556c50c9e8de78 -> 
  custom:SearchIndexIgnoredProperties: e643bd26f0fe6173181afceb89e7c659 -> 
  custom:AudioImporter_EditorPlatform: d09bf68614088b80899f8185d706f6e7 -> 
  custom:video-encoder-webm-vp8: eb34c28f22e8b96e1ab97ce403110664 -> 
  custom:audio-decoder-ogg-vorbis: bf7c407c2cedff20999df2af8eb42d56 -> 
  custom:audio-encoder-webm-vorbis: bf7c407c2cedff20999df2af8eb42d56 -> 
========================================================================
Received Import Request.
  Time since last request: 408.700277 seconds.
  path: Assets/Materials/ShadowDecal.mat
  artifactKey: Guid(798f6654526ea8043bbc34cef6ca7980) Importer(815301076,1909f56bfc062723c751e8b465ee728b)
Start importing Assets/Materials/ShadowDecal.mat using Guid(798f6654526ea8043bbc34cef6ca7980) Importer(815301076,1909f56bfc062723c751e8b465ee728b)  -> (artifact id: '24197ffa54e5fd327874cdabbcef535b') in 0.170170 seconds
Number of updated asset objects reloaded before import = 0
Number of asset objects unloaded after import = 21
========================================================================
Received Import Request.
  Time since last request: 5.004969 seconds.
  path: Assets/Prefabs/LeafTreeSmall.prefab
  artifactKey: Guid(6399d96adcba8c54a9635b7e6badc901) Importer(815301076,1909f56bfc062723c751e8b465ee728b)
Start importing Assets/Prefabs/LeafTreeSmall.prefab using Guid(6399d96adcba8c54a9635b7e6badc901) Importer(815301076,1909f56bfc062723c751e8b465ee728b)  -> (artifact id: '4cd2473e7f1804ded3395b5270f69299') in 0.069202 seconds
Number of updated asset objects reloaded before import = 0
Number of asset objects unloaded after import = 28
========================================================================
Received Import Request.
  Time since last request: 9.449220 seconds.
  path: Assets/Prefabs/BlobShadowDecal.prefab
  artifactKey: Guid(03f3881a47d5a544d8f11c6a09106b69) Importer(815301076,1909f56bfc062723c751e8b465ee728b)
Start importing Assets/Prefabs/BlobShadowDecal.prefab using Guid(03f3881a47d5a544d8f11c6a09106b69) Importer(815301076,1909f56bfc062723c751e8b465ee728b)  -> (artifact id: '2fe27d1d3994fb100dab476723f7456e') in 0.001945 seconds
Number of updated asset objects reloaded before import = 0
Number of asset objects unloaded after import = 6
========================================================================
Received Import Request.
  Time since last request: 0.166335 seconds.
  path: Assets/Prefabs/LeafTreeSmall.prefab
  artifactKey: Guid(6399d96adcba8c54a9635b7e6badc901) Importer(815301076,1909f56bfc062723c751e8b465ee728b)
Start importing Assets/Prefabs/LeafTreeSmall.prefab using Guid(6399d96adcba8c54a9635b7e6badc901) Importer(815301076,1909f56bfc062723c751e8b465ee728b)  -> (artifact id: '264ca8bdde29daf8e6628ec25b296903') in 0.007127 seconds
Number of updated asset objects reloaded before import = 0
Number of asset objects unloaded after import = 33
========================================================================
Received Import Request.
  Time since last request: 11.491068 seconds.
  path: Assets/Prefabs/LeafTreeLarge.prefab
  artifactKey: Guid(2e8952e209034364b8161421102ee4e4) Importer(815301076,1909f56bfc062723c751e8b465ee728b)
Start importing Assets/Prefabs/LeafTreeLarge.prefab using Guid(2e8952e209034364b8161421102ee4e4) Importer(815301076,1909f56bfc062723c751e8b465ee728b)  -> (artifact id: 'fde3f0b5ac62900a4da44feaeb62dc00') in 0.014511 seconds
Number of updated asset objects reloaded before import = 0
Number of asset objects unloaded after import = 33
========================================================================
Received Import Request.
  Time since last request: 9.251691 seconds.
  path: Assets/Prefabs/LeafTreeYoung.prefab
  artifactKey: Guid(49d41c21c1bb1f647b760f4c9d12c70d) Importer(815301076,1909f56bfc062723c751e8b465ee728b)
Start importing Assets/Prefabs/LeafTreeYoung.prefab using Guid(49d41c21c1bb1f647b760f4c9d12c70d) Importer(815301076,1909f56bfc062723c751e8b465ee728b)  -> (artifact id: '960c4728d40ed662a09f2531e6c34109') in 0.015393 seconds
Number of updated asset objects reloaded before import = 0
Number of asset objects unloaded after import = 33
========================================================================
Received Import Request.
  Time since last request: 5.411138 seconds.
  path: Assets/Prefabs/LeafTreeYoung.prefab
  artifactKey: Guid(49d41c21c1bb1f647b760f4c9d12c70d) Importer(815301076,1909f56bfc062723c751e8b465ee728b)
Start importing Assets/Prefabs/LeafTreeYoung.prefab using Guid(49d41c21c1bb1f647b760f4c9d12c70d) Importer(815301076,1909f56bfc062723c751e8b465ee728b)  -> (artifact id: 'c31ae7e7e27557ff0d782e72b6f8626b') in 0.014110 seconds
Number of updated asset objects reloaded before import = 0
Number of asset objects unloaded after import = 33
========================================================================
Received Import Request.
  Time since last request: 1.387196 seconds.
  path: Assets/Prefabs/LeafTreeYoung.prefab
  artifactKey: Guid(49d41c21c1bb1f647b760f4c9d12c70d) Importer(815301076,1909f56bfc062723c751e8b465ee728b)
Start importing Assets/Prefabs/LeafTreeYoung.prefab using Guid(49d41c21c1bb1f647b760f4c9d12c70d) Importer(815301076,1909f56bfc062723c751e8b465ee728b)  -> (artifact id: '315e7854de3952721ba942994598b635') in 0.013237 seconds
Number of updated asset objects reloaded before import = 0
Number of asset objects unloaded after import = 33
========================================================================
Received Import Request.
  Time since last request: 0.786933 seconds.
  path: Assets/Prefabs/LeafTreeYoung.prefab
  artifactKey: Guid(49d41c21c1bb1f647b760f4c9d12c70d) Importer(815301076,1909f56bfc062723c751e8b465ee728b)
Start importing Assets/Prefabs/LeafTreeYoung.prefab using Guid(49d41c21c1bb1f647b760f4c9d12c70d) Importer(815301076,1909f56bfc062723c751e8b465ee728b)  -> (artifact id: 'daad2a3a248919d20fe8c49274cbf148') in 0.013825 seconds
Number of updated asset objects reloaded before import = 0
Number of asset objects unloaded after import = 33
========================================================================
Received Import Request.
  Time since last request: 1.191422 seconds.
  path: Assets/Prefabs/LeafTreeYoung.prefab
  artifactKey: Guid(49d41c21c1bb1f647b760f4c9d12c70d) Importer(815301076,1909f56bfc062723c751e8b465ee728b)
Start importing Assets/Prefabs/LeafTreeYoung.prefab using Guid(49d41c21c1bb1f647b760f4c9d12c70d) Importer(815301076,1909f56bfc062723c751e8b465ee728b)  -> (artifact id: '8483285402593c77b4914d1178f88929') in 0.012375 seconds
Number of updated asset objects reloaded before import = 0
Number of asset objects unloaded after import = 33
========================================================================
Received Import Request.
  Time since last request: 1.991351 seconds.
  path: Assets/Prefabs/LeafTreeYoung.prefab
  artifactKey: Guid(49d41c21c1bb1f647b760f4c9d12c70d) Importer(815301076,1909f56bfc062723c751e8b465ee728b)
Start importing Assets/Prefabs/LeafTreeYoung.prefab using Guid(49d41c21c1bb1f647b760f4c9d12c70d) Importer(815301076,1909f56bfc062723c751e8b465ee728b)  -> (artifact id: '7abdeb4b48f65bbf82adb33c5a2482d7') in 0.016189 seconds
Number of updated asset objects reloaded before import = 0
Number of asset objects unloaded after import = 33
========================================================================
Received Import Request.
  Time since last request: 5.630768 seconds.
  path: Assets/Prefabs/LeafTreeYoung.prefab
  artifactKey: Guid(49d41c21c1bb1f647b760f4c9d12c70d) Importer(815301076,1909f56bfc062723c751e8b465ee728b)
Start importing Assets/Prefabs/LeafTreeYoung.prefab using Guid(49d41c21c1bb1f647b760f4c9d12c70d) Importer(815301076,1909f56bfc062723c751e8b465ee728b)  -> (artifact id: '2716dbf2dcd5823731ba7373b21c4b6c') in 0.016451 seconds
Number of updated asset objects reloaded before import = 0
Number of asset objects unloaded after import = 33
========================================================================
Received Import Request.
  Time since last request: 2.592993 seconds.
  path: Assets/Prefabs/LeafTreeYoung.prefab
  artifactKey: Guid(49d41c21c1bb1f647b760f4c9d12c70d) Importer(815301076,1909f56bfc062723c751e8b465ee728b)
Start importing Assets/Prefabs/LeafTreeYoung.prefab using Guid(49d41c21c1bb1f647b760f4c9d12c70d) Importer(815301076,1909f56bfc062723c751e8b465ee728b)  -> (artifact id: 'ccf63b670fee9dc2334f0b0058658392') in 0.012422 seconds
Number of updated asset objects reloaded before import = 0
Number of asset objects unloaded after import = 33
========================================================================
Received Import Request.
  Time since last request: 7.836626 seconds.
  path: Assets/Prefabs/PalmTreeYoung.prefab
  artifactKey: Guid(1e668eaf68d79f54493a37a6d5ca78a0) Importer(815301076,1909f56bfc062723c751e8b465ee728b)
Start importing Assets/Prefabs/PalmTreeYoung.prefab using Guid(1e668eaf68d79f54493a37a6d5ca78a0) Importer(815301076,1909f56bfc062723c751e8b465ee728b)  -> (artifact id: '03e3995d3b34691844b2002c381df916') in 0.011334 seconds
Number of updated asset objects reloaded before import = 0
Number of asset objects unloaded after import = 31
========================================================================
Received Import Request.
  Time since last request: 9.863832 seconds.
  path: Assets/Prefabs/Player.prefab
  artifactKey: Guid(1e8c93b646427db4b9b2dffbdba95ca5) Importer(815301076,1909f56bfc062723c751e8b465ee728b)
Start importing Assets/Prefabs/Player.prefab using Guid(1e8c93b646427db4b9b2dffbdba95ca5) Importer(815301076,1909f56bfc062723c751e8b465ee728b)  -> (artifact id: 'f377ba0fa3fbda1796ae24413ebf43a1') in 0.095863 seconds
Number of updated asset objects reloaded before import = 0
Number of asset objects unloaded after import = 1009
========================================================================
Received Import Request.
  Time since last request: 9.398381 seconds.
  path: Assets/Prefabs/Player.prefab
  artifactKey: Guid(1e8c93b646427db4b9b2dffbdba95ca5) Importer(815301076,1909f56bfc062723c751e8b465ee728b)
Start importing Assets/Prefabs/Player.prefab using Guid(1e8c93b646427db4b9b2dffbdba95ca5) Importer(815301076,1909f56bfc062723c751e8b465ee728b)  -> (artifact id: '06d77664cf347606fe155600c44d916c') in 0.045803 seconds
Number of updated asset objects reloaded before import = 0
Number of asset objects unloaded after import = 1013
========================================================================
Received Import Request.
  Time since last request: 11.437401 seconds.
  path: Assets/Prefabs/BoulderLarge.prefab
  artifactKey: Guid(44495db1553fbd24883ac5574153b4f5) Importer(815301076,1909f56bfc062723c751e8b465ee728b)
Start importing Assets/Prefabs/BoulderLarge.prefab using Guid(44495db1553fbd24883ac5574153b4f5) Importer(815301076,1909f56bfc062723c751e8b465ee728b)  -> (artifact id: '30e1bf3b593133d88d01ed3b79f502b5') in 0.012425 seconds
Number of updated asset objects reloaded before import = 0
Number of asset objects unloaded after import = 31
========================================================================
Received Import Request.
  Time since last request: 3.796784 seconds.
  path: Assets/Prefabs/BoulderLarge.prefab
  artifactKey: Guid(44495db1553fbd24883ac5574153b4f5) Importer(815301076,1909f56bfc062723c751e8b465ee728b)
Start importing Assets/Prefabs/BoulderLarge.prefab using Guid(44495db1553fbd24883ac5574153b4f5) Importer(815301076,1909f56bfc062723c751e8b465ee728b)  -> (artifact id: 'acb846454eee8b094fc3183be79942f9') in 0.007226 seconds
Number of updated asset objects reloaded before import = 0
Number of asset objects unloaded after import = 31
========================================================================
Received Import Request.
  Time since last request: 1.390611 seconds.
  path: Assets/Prefabs/BoulderLarge.prefab
  artifactKey: Guid(44495db1553fbd24883ac5574153b4f5) Importer(815301076,1909f56bfc062723c751e8b465ee728b)
Start importing Assets/Prefabs/BoulderLarge.prefab using Guid(44495db1553fbd24883ac5574153b4f5) Importer(815301076,1909f56bfc062723c751e8b465ee728b)  -> (artifact id: '0e3de9051a34ccb21f651188a4f3b524') in 0.007104 seconds
Number of updated asset objects reloaded before import = 0
Number of asset objects unloaded after import = 31
========================================================================
Received Import Request.
  Time since last request: 15.074202 seconds.
  path: Assets/Prefabs/BoulderLarge.prefab
  artifactKey: Guid(44495db1553fbd24883ac5574153b4f5) Importer(815301076,1909f56bfc062723c751e8b465ee728b)
Start importing Assets/Prefabs/BoulderLarge.prefab using Guid(44495db1553fbd24883ac5574153b4f5) Importer(815301076,1909f56bfc062723c751e8b465ee728b)  -> (artifact id: '1d30c0ba751f9ee4897020bbe4847dd8') in 0.008306 seconds
Number of updated asset objects reloaded before import = 0
Number of asset objects unloaded after import = 31
========================================================================
Received Import Request.
  Time since last request: 5.184464 seconds.
  path: Assets/Prefabs/BlobShadowDecal.prefab
  artifactKey: Guid(03f3881a47d5a544d8f11c6a09106b69) Importer(815301076,1909f56bfc062723c751e8b465ee728b)
Start importing Assets/Prefabs/BlobShadowDecal.prefab using Guid(03f3881a47d5a544d8f11c6a09106b69) Importer(815301076,1909f56bfc062723c751e8b465ee728b)  -> (artifact id: 'd6a4abaf006cc02757ea0eb772f16b73') in 0.002165 seconds
Number of updated asset objects reloaded before import = 0
Number of asset objects unloaded after import = 6
========================================================================
Received Import Request.
  Time since last request: 0.004859 seconds.
  path: Assets/Prefabs/LeafTreeLarge.prefab
  artifactKey: Guid(2e8952e209034364b8161421102ee4e4) Importer(815301076,1909f56bfc062723c751e8b465ee728b)
Start importing Assets/Prefabs/LeafTreeLarge.prefab using Guid(2e8952e209034364b8161421102ee4e4) Importer(815301076,1909f56bfc062723c751e8b465ee728b)  -> (artifact id: '8a3b71363f54493a8fdf3ccb99c28060') in 0.011617 seconds
Number of updated asset objects reloaded before import = 0
Number of asset objects unloaded after import = 33
========================================================================
Received Import Request.
  Time since last request: 0.000015 seconds.
  path: Assets/Prefabs/Player.prefab
  artifactKey: Guid(1e8c93b646427db4b9b2dffbdba95ca5) Importer(815301076,1909f56bfc062723c751e8b465ee728b)
Start importing Assets/Prefabs/Player.prefab using Guid(1e8c93b646427db4b9b2dffbdba95ca5) Importer(815301076,1909f56bfc062723c751e8b465ee728b)  -> (artifact id: 'cd2186b61dd1456f5a8c353511026221') in 0.042174 seconds
Number of updated asset objects reloaded before import = 0
Number of asset objects unloaded after import = 1017
========================================================================
Received Import Request.
  Time since last request: 0.000049 seconds.
  path: Assets/Prefabs/RedfruitTreeYoung.prefab
  artifactKey: Guid(885d2de077aea7b4b8d4759e58de90f6) Importer(815301076,1909f56bfc062723c751e8b465ee728b)
Start importing Assets/Prefabs/RedfruitTreeYoung.prefab using Guid(885d2de077aea7b4b8d4759e58de90f6) Importer(815301076,1909f56bfc062723c751e8b465ee728b)  -> (artifact id: '327e0f3cb2a51d50525e8a5fbcf65927') in 0.011441 seconds
Number of updated asset objects reloaded before import = 0
Number of asset objects unloaded after import = 72
========================================================================
Received Import Request.
  Time since last request: 8.418730 seconds.
  path: Assets/Prefabs/LeafTreeSmall.prefab
  artifactKey: Guid(6399d96adcba8c54a9635b7e6badc901) Importer(815301076,1909f56bfc062723c751e8b465ee728b)
Start importing Assets/Prefabs/LeafTreeSmall.prefab using Guid(6399d96adcba8c54a9635b7e6badc901) Importer(815301076,1909f56bfc062723c751e8b465ee728b)  -> (artifact id: '16ee72dc6543624bb15ea490b03da5e4') in 0.013301 seconds
Number of updated asset objects reloaded before import = 0
Number of asset objects unloaded after import = 33
========================================================================
Received Import Request.
  Time since last request: 2.002864 seconds.
  path: Assets/Prefabs/PineTreeLarge.prefab
  artifactKey: Guid(009d6c3b57e6b0643b0fed7350a7107b) Importer(815301076,1909f56bfc062723c751e8b465ee728b)
Start importing Assets/Prefabs/PineTreeLarge.prefab using Guid(009d6c3b57e6b0643b0fed7350a7107b) Importer(815301076,1909f56bfc062723c751e8b465ee728b)  -> (artifact id: '9cdd47cff94318e7dbdfeb9dad7614d5') in 0.011222 seconds
Number of updated asset objects reloaded before import = 0
Number of asset objects unloaded after import = 33
========================================================================
Received Import Request.
  Time since last request: 3.401405 seconds.
  path: Assets/Prefabs/PineTreeLarge.prefab
  artifactKey: Guid(009d6c3b57e6b0643b0fed7350a7107b) Importer(815301076,1909f56bfc062723c751e8b465ee728b)
Start importing Assets/Prefabs/PineTreeLarge.prefab using Guid(009d6c3b57e6b0643b0fed7350a7107b) Importer(815301076,1909f56bfc062723c751e8b465ee728b)  -> (artifact id: '3398948e8853b334d7b6a855d53de0d0') in 0.011203 seconds
Number of updated asset objects reloaded before import = 0
Number of asset objects unloaded after import = 33
========================================================================
Received Import Request.
  Time since last request: 1.585155 seconds.
  path: Assets/Prefabs/PineTreeLarge.prefab
  artifactKey: Guid(009d6c3b57e6b0643b0fed7350a7107b) Importer(815301076,1909f56bfc062723c751e8b465ee728b)
Start importing Assets/Prefabs/PineTreeLarge.prefab using Guid(009d6c3b57e6b0643b0fed7350a7107b) Importer(815301076,1909f56bfc062723c751e8b465ee728b)  -> (artifact id: '0c5a16313c6c8bdc922608c045812ab3') in 0.011574 seconds
Number of updated asset objects reloaded before import = 0
Number of asset objects unloaded after import = 33
========================================================================
Received Import Request.
  Time since last request: 1.594405 seconds.
  path: Assets/Prefabs/PineTreeLarge.prefab
  artifactKey: Guid(009d6c3b57e6b0643b0fed7350a7107b) Importer(815301076,1909f56bfc062723c751e8b465ee728b)
Start importing Assets/Prefabs/PineTreeLarge.prefab using Guid(009d6c3b57e6b0643b0fed7350a7107b) Importer(815301076,1909f56bfc062723c751e8b465ee728b)  -> (artifact id: '10390ca43a0b6ba887cdc274af9b5d6b') in 0.011010 seconds
Number of updated asset objects reloaded before import = 0
Number of asset objects unloaded after import = 33
========================================================================
Received Import Request.
  Time since last request: 4.622488 seconds.
  path: Assets/Prefabs/PineTreeSmall.prefab
  artifactKey: Guid(39e3aca0f04a57d428ca78115bd6a432) Importer(815301076,1909f56bfc062723c751e8b465ee728b)
Start importing Assets/Prefabs/PineTreeSmall.prefab using Guid(39e3aca0f04a57d428ca78115bd6a432) Importer(815301076,1909f56bfc062723c751e8b465ee728b)  -> (artifact id: '8b49bc074b251ea6c2820b5602a7bb74') in 0.011374 seconds
Number of updated asset objects reloaded before import = 0
Number of asset objects unloaded after import = 33
========================================================================
Received Import Request.
  Time since last request: 2.024824 seconds.
  path: Assets/Prefabs/PineTreeYoung.prefab
  artifactKey: Guid(12b6d2b256c1e1f488e5bf0fa2d43e93) Importer(815301076,1909f56bfc062723c751e8b465ee728b)
Start importing Assets/Prefabs/PineTreeYoung.prefab using Guid(12b6d2b256c1e1f488e5bf0fa2d43e93) Importer(815301076,1909f56bfc062723c751e8b465ee728b)  -> (artifact id: 'ef26da439875844dc179934f6a6bb916') in 0.010307 seconds
Number of updated asset objects reloaded before import = 0
Number of asset objects unloaded after import = 33
========================================================================
Received Import Request.
  Time since last request: 5.403696 seconds.
  path: Assets/Prefabs/PineTreeYoung.prefab
  artifactKey: Guid(12b6d2b256c1e1f488e5bf0fa2d43e93) Importer(815301076,1909f56bfc062723c751e8b465ee728b)
Start importing Assets/Prefabs/PineTreeYoung.prefab using Guid(12b6d2b256c1e1f488e5bf0fa2d43e93) Importer(815301076,1909f56bfc062723c751e8b465ee728b)  -> (artifact id: 'f0c9461a856ba7560a4f5c3769b8cd5f') in 0.011409 seconds
Number of updated asset objects reloaded before import = 0
Number of asset objects unloaded after import = 33
========================================================================
Received Import Request.
  Time since last request: 0.785442 seconds.
  path: Assets/Prefabs/PineTreeYoung.prefab
  artifactKey: Guid(12b6d2b256c1e1f488e5bf0fa2d43e93) Importer(815301076,1909f56bfc062723c751e8b465ee728b)
Start importing Assets/Prefabs/PineTreeYoung.prefab using Guid(12b6d2b256c1e1f488e5bf0fa2d43e93) Importer(815301076,1909f56bfc062723c751e8b465ee728b)  -> (artifact id: '159170b87df4e5b82454f195f3c0378a') in 0.012374 seconds
Number of updated asset objects reloaded before import = 0
Number of asset objects unloaded after import = 33
========================================================================
Received Import Request.
  Time since last request: 5.670866 seconds.
  path: Assets/Prefabs/Player.prefab
  artifactKey: Guid(1e8c93b646427db4b9b2dffbdba95ca5) Importer(815301076,1909f56bfc062723c751e8b465ee728b)
Start importing Assets/Prefabs/Player.prefab using Guid(1e8c93b646427db4b9b2dffbdba95ca5) Importer(815301076,1909f56bfc062723c751e8b465ee728b)  -> (artifact id: 'e9b16d7759ad22e2e486fa5e4363ac49') in 0.043535 seconds
Number of updated asset objects reloaded before import = 0
Number of asset objects unloaded after import = 1033
========================================================================
Received Import Request.
  Time since last request: 4.975156 seconds.
  path: Assets/Prefabs/Player.prefab
  artifactKey: Guid(1e8c93b646427db4b9b2dffbdba95ca5) Importer(815301076,1909f56bfc062723c751e8b465ee728b)
Start importing Assets/Prefabs/Player.prefab using Guid(1e8c93b646427db4b9b2dffbdba95ca5) Importer(815301076,1909f56bfc062723c751e8b465ee728b)  -> (artifact id: 'eb602edc76047465fb93aa5b9ce85eab') in 0.043723 seconds
Number of updated asset objects reloaded before import = 0
Number of asset objects unloaded after import = 1033
========================================================================
Received Import Request.
  Time since last request: 0.545016 seconds.
  path: Assets/Prefabs/Player.prefab
  artifactKey: Guid(1e8c93b646427db4b9b2dffbdba95ca5) Importer(815301076,1909f56bfc062723c751e8b465ee728b)
Start importing Assets/Prefabs/Player.prefab using Guid(1e8c93b646427db4b9b2dffbdba95ca5) Importer(815301076,1909f56bfc062723c751e8b465ee728b)  -> (artifact id: '7fec5367f65fbf82a995e669c2ae631b') in 0.043967 seconds
Number of updated asset objects reloaded before import = 0
Number of asset objects unloaded after import = 1033
========================================================================
Received Import Request.
  Time since last request: 4.444626 seconds.
  path: Assets/Prefabs/Player.prefab
  artifactKey: Guid(1e8c93b646427db4b9b2dffbdba95ca5) Importer(815301076,1909f56bfc062723c751e8b465ee728b)
Start importing Assets/Prefabs/Player.prefab using Guid(1e8c93b646427db4b9b2dffbdba95ca5) Importer(815301076,1909f56bfc062723c751e8b465ee728b)  -> (artifact id: '2c5402590cd3a45057836a01a8b2a57c') in 0.046500 seconds
Number of updated asset objects reloaded before import = 0
Number of asset objects unloaded after import = 1037
========================================================================
Received Import Request.
  Time since last request: 7.607289 seconds.
  path: Assets/Prefabs/Player.prefab
  artifactKey: Guid(1e8c93b646427db4b9b2dffbdba95ca5) Importer(815301076,1909f56bfc062723c751e8b465ee728b)
Start importing Assets/Prefabs/Player.prefab using Guid(1e8c93b646427db4b9b2dffbdba95ca5) Importer(815301076,1909f56bfc062723c751e8b465ee728b)  -> (artifact id: 'b8370bb71a183f78fc4a17b23fc7810a') in 0.040796 seconds
Number of updated asset objects reloaded before import = 0
Number of asset objects unloaded after import = 1041
========================================================================
Received Import Request.
  Time since last request: 11.832961 seconds.
  path: Assets/Prefabs/BoulderSmall.prefab
  artifactKey: Guid(e412c15aa461f2f4a849bff4530e1bb9) Importer(815301076,1909f56bfc062723c751e8b465ee728b)
Start importing Assets/Prefabs/BoulderSmall.prefab using Guid(e412c15aa461f2f4a849bff4530e1bb9) Importer(815301076,1909f56bfc062723c751e8b465ee728b)  -> (artifact id: '6e82b78d85eff032b4ceccff0101d11b') in 0.011034 seconds
Number of updated asset objects reloaded before import = 0
Number of asset objects unloaded after import = 31
========================================================================
Received Prepare
Begin MonoManager ReloadAssembly
- Loaded All Assemblies, in  0.293 seconds
Refreshing native plugins compatible for Editor in 2.53 ms, found 3 plugins.
Native extension for WindowsStandalone target not found
Native extension for Android target not found
[Package Manager] Server::EnsureServerProcessIsRunning -- launch failed, reason: Unity was launched with the -noUpm command-line argument
[Package Manager] UpmClient::Send -- Unable to send message (not connected to UPM process).
[Package Manager] Cannot connect to Unity Package Manager local server
Mono: successfully reloaded assembly
- Finished resetting the current domain, in  0.772 seconds
Domain Reload Profiling: 1063ms
	BeginReloadAssembly (110ms)
		ExecutionOrderSort (0ms)
		DisableScriptedObjects (6ms)
		BackupInstance (0ms)
		ReleaseScriptingObjects (0ms)
		CreateAndSetChildDomain (30ms)
	RebuildCommonClasses (18ms)
	RebuildNativeTypeToScriptingClass (6ms)
	initialDomainReloadingComplete (19ms)
	LoadAllAssembliesAndSetupDomain (138ms)
		LoadAssemblies (176ms)
		RebuildTransferFunctionScriptingTraits (0ms)
		AnalyzeDomain (11ms)
			TypeCache.Refresh (4ms)
				TypeCache.ScanAssembly (0ms)
			ScanForSourceGeneratedMonoScriptInfo (0ms)
			ResolveRequiredComponents (6ms)
	FinalizeReload (772ms)
		ReleaseScriptCaches (0ms)
		RebuildScriptCaches (0ms)
		SetupLoadedEditorAssemblies (368ms)
			LogAssemblyErrors (0ms)
			InitializePlatformSupportModulesInManaged (14ms)
			SetLoadedEditorAssemblies (3ms)
			RefreshPlugins (0ms)
			BeforeProcessingInitializeOnLoad (42ms)
			ProcessInitializeOnLoadAttributes (275ms)
			ProcessInitializeOnLoadMethodAttributes (30ms)
			AfterProcessingInitializeOnLoad (4ms)
			EditorAssembliesLoaded (0ms)
		ExecutionOrderSort2 (0ms)
		AwakeInstancesAfterBackupRestoration (11ms)
Refreshing native plugins compatible for Editor in 3.82 ms, found 3 plugins.
Preloading 0 native plugins for Editor in 0.00 ms.
Unloading 5404 Unused Serialized files (Serialized files now loaded: 0)
Unloading 50 unused Assets / (0.7 MB). Loaded Objects now: 6190.
Memory consumption went from 208.0 MB to 207.4 MB.
Total: 4.606700 ms (FindLiveObjects: 0.398300 ms CreateObjectMapping: 0.132100 ms MarkObjects: 3.693800 ms  DeleteObjects: 0.381300 ms)

Prepare: number of updated asset objects reloaded= 0
AssetImportParameters requested are different than current active one (requested -> active):
  custom:container-demuxer-ogg: 62fdf1f143b41e24485cea50d1cbac27 -> 
  custom:video-codec-MediaFoundation-h265: 746d11721c4dcdbdad8f713fa42b33f4 -> 
  custom:video-decoder-ogg-theora: a1e56fd34408186e4bbccfd4996cb3dc -> 
  custom:framework-win-MediaFoundation: 216162199b28c13a410421893ffa2e32 -> 
  custom:CustomObjectIndexerAttribute: 62b5816608c3102f162a1797e29626cf -> 
  custom:container-demuxer-webm: 4f35f7cbe854078d1ac9338744f61a02 -> 
  custom:container-muxer-webm: aa71ff27fc2769a1b78a27578f13a17b -> 
  custom:video-decoder-webm-vp8: 9c59270c3fd7afecdb556c50c9e8de78 -> 
  custom:SearchIndexIgnoredProperties: e643bd26f0fe6173181afceb89e7c659 -> 
  custom:AudioImporter_EditorPlatform: d09bf68614088b80899f8185d706f6e7 -> 
  custom:video-encoder-webm-vp8: eb34c28f22e8b96e1ab97ce403110664 -> 
  custom:audio-decoder-ogg-vorbis: bf7c407c2cedff20999df2af8eb42d56 -> 
  custom:audio-encoder-webm-vorbis: bf7c407c2cedff20999df2af8eb42d56 -> 
========================================================================
Received Import Request.
  Time since last request: 161.639602 seconds.
  path: Assets/Prefabs/BlobShadowDecal.prefab
  artifactKey: Guid(03f3881a47d5a544d8f11c6a09106b69) Importer(815301076,1909f56bfc062723c751e8b465ee728b)
Start importing Assets/Prefabs/BlobShadowDecal.prefab using Guid(03f3881a47d5a544d8f11c6a09106b69) Importer(815301076,1909f56bfc062723c751e8b465ee728b)  -> (artifact id: '4402623da5af89c7d8db26919fa12614') in 0.036299 seconds
Number of updated asset objects reloaded before import = 0
Number of asset objects unloaded after import = 6
========================================================================
Received Import Request.
  Time since last request: 0.000021 seconds.
  path: Assets/Prefabs/LeafTreeLarge.prefab
  artifactKey: Guid(2e8952e209034364b8161421102ee4e4) Importer(815301076,1909f56bfc062723c751e8b465ee728b)
Start importing Assets/Prefabs/LeafTreeLarge.prefab using Guid(2e8952e209034364b8161421102ee4e4) Importer(815301076,1909f56bfc062723c751e8b465ee728b)  -> (artifact id: 'cafa721c41bd4911cf5a435fe4ca20f6') in 0.143887 seconds
Number of updated asset objects reloaded before import = 0
Number of asset objects unloaded after import = 51
========================================================================
Received Import Request.
  Time since last request: 0.000025 seconds.
  path: Assets/Prefabs/PineTreeSmall.prefab
  artifactKey: Guid(39e3aca0f04a57d428ca78115bd6a432) Importer(815301076,1909f56bfc062723c751e8b465ee728b)
Start importing Assets/Prefabs/PineTreeSmall.prefab using Guid(39e3aca0f04a57d428ca78115bd6a432) Importer(815301076,1909f56bfc062723c751e8b465ee728b)  -> (artifact id: '724a15586514dcf5889a5045be8c5812') in 0.012608 seconds
Number of updated asset objects reloaded before import = 0
Number of asset objects unloaded after import = 33
========================================================================
Received Import Request.
  Time since last request: 0.000016 seconds.
  path: Assets/Prefabs/SwampTree.prefab
  artifactKey: Guid(7abfcc82c32038a46a3d7d3b218ccd5f) Importer(815301076,1909f56bfc062723c751e8b465ee728b)
Start importing Assets/Prefabs/SwampTree.prefab using Guid(7abfcc82c32038a46a3d7d3b218ccd5f) Importer(815301076,1909f56bfc062723c751e8b465ee728b)  -> (artifact id: '3af23f440e8109e3e80809c06fddd575') in 0.011613 seconds
Number of updated asset objects reloaded before import = 0
Number of asset objects unloaded after import = 33
========================================================================
Received Import Request.
  Time since last request: 0.000017 seconds.
  path: Assets/Prefabs/BoulderSmall.prefab
  artifactKey: Guid(e412c15aa461f2f4a849bff4530e1bb9) Importer(815301076,1909f56bfc062723c751e8b465ee728b)
Start importing Assets/Prefabs/BoulderSmall.prefab using Guid(e412c15aa461f2f4a849bff4530e1bb9) Importer(815301076,1909f56bfc062723c751e8b465ee728b)  -> (artifact id: 'fbbea605281e6258a95496838d436a40') in 0.011154 seconds
Number of updated asset objects reloaded before import = 0
Number of asset objects unloaded after import = 31
========================================================================
Received Import Request.
  Time since last request: 0.000017 seconds.
  path: Assets/Prefabs/YellowBerryBush.prefab
  artifactKey: Guid(cd683e465aece204f88377189234b507) Importer(815301076,1909f56bfc062723c751e8b465ee728b)
Start importing Assets/Prefabs/YellowBerryBush.prefab using Guid(cd683e465aece204f88377189234b507) Importer(815301076,1909f56bfc062723c751e8b465ee728b)  -> (artifact id: '196dea31988cd17068d110983afebbda') in 0.014687 seconds
Number of updated asset objects reloaded before import = 0
Number of asset objects unloaded after import = 73
========================================================================
Received Import Request.
  Time since last request: 0.000020 seconds.
  path: Assets/Prefabs/Player.prefab
  artifactKey: Guid(1e8c93b646427db4b9b2dffbdba95ca5) Importer(815301076,1909f56bfc062723c751e8b465ee728b)
Start importing Assets/Prefabs/Player.prefab using Guid(1e8c93b646427db4b9b2dffbdba95ca5) Importer(815301076,1909f56bfc062723c751e8b465ee728b)  -> (artifact id: '323ab0cee727ab21d5a5db01052835f7') in 0.048942 seconds
Number of updated asset objects reloaded before import = 0
Number of asset objects unloaded after import = 1045
========================================================================
Received Import Request.
  Time since last request: 1.000181 seconds.
  path: Assets/Prefabs/BlobShadowDecal.prefab
  artifactKey: Guid(03f3881a47d5a544d8f11c6a09106b69) Importer(815301076,1909f56bfc062723c751e8b465ee728b)
Start importing Assets/Prefabs/BlobShadowDecal.prefab using Guid(03f3881a47d5a544d8f11c6a09106b69) Importer(815301076,1909f56bfc062723c751e8b465ee728b)  -> (artifact id: '95d5e1498a32182661dee23a5f5bdeed') in 0.001596 seconds
Number of updated asset objects reloaded before import = 0
Number of asset objects unloaded after import = 6
========================================================================
Received Import Request.
  Time since last request: 0.000013 seconds.
  path: Assets/Prefabs/LeafTreeLarge.prefab
  artifactKey: Guid(2e8952e209034364b8161421102ee4e4) Importer(815301076,1909f56bfc062723c751e8b465ee728b)
Start importing Assets/Prefabs/LeafTreeLarge.prefab using Guid(2e8952e209034364b8161421102ee4e4) Importer(815301076,1909f56bfc062723c751e8b465ee728b)  -> (artifact id: 'fe17c3ea11b8bf1f0aee2ca1bdb39383') in 0.014212 seconds
Number of updated asset objects reloaded before import = 0
Number of asset objects unloaded after import = 33
========================================================================
Received Import Request.
  Time since last request: 0.000015 seconds.
  path: Assets/Prefabs/PineTreeSmall.prefab
  artifactKey: Guid(39e3aca0f04a57d428ca78115bd6a432) Importer(815301076,1909f56bfc062723c751e8b465ee728b)
Start importing Assets/Prefabs/PineTreeSmall.prefab using Guid(39e3aca0f04a57d428ca78115bd6a432) Importer(815301076,1909f56bfc062723c751e8b465ee728b)  -> (artifact id: '8c6bd07f8fab64207ae03b9faf97de29') in 0.011942 seconds
Number of updated asset objects reloaded before import = 0
Number of asset objects unloaded after import = 33
========================================================================
Received Import Request.
  Time since last request: 0.000020 seconds.
  path: Assets/Prefabs/SwampTree.prefab
  artifactKey: Guid(7abfcc82c32038a46a3d7d3b218ccd5f) Importer(815301076,1909f56bfc062723c751e8b465ee728b)
Start importing Assets/Prefabs/SwampTree.prefab using Guid(7abfcc82c32038a46a3d7d3b218ccd5f) Importer(815301076,1909f56bfc062723c751e8b465ee728b)  -> (artifact id: '12400c485bbc84939f710ec8e62bffda') in 0.012425 seconds
Number of updated asset objects reloaded before import = 0
Number of asset objects unloaded after import = 33
========================================================================
Received Import Request.
  Time since last request: 0.000016 seconds.
  path: Assets/Prefabs/BoulderSmall.prefab
  artifactKey: Guid(e412c15aa461f2f4a849bff4530e1bb9) Importer(815301076,1909f56bfc062723c751e8b465ee728b)
Start importing Assets/Prefabs/BoulderSmall.prefab using Guid(e412c15aa461f2f4a849bff4530e1bb9) Importer(815301076,1909f56bfc062723c751e8b465ee728b)  -> (artifact id: '665199b5d99ec7312af99775dfc7fa41') in 0.006957 seconds
Number of updated asset objects reloaded before import = 0
Number of asset objects unloaded after import = 31
========================================================================
Received Import Request.
  Time since last request: 0.000014 seconds.
  path: Assets/Prefabs/YellowBerryBush.prefab
  artifactKey: Guid(cd683e465aece204f88377189234b507) Importer(815301076,1909f56bfc062723c751e8b465ee728b)
Start importing Assets/Prefabs/YellowBerryBush.prefab using Guid(cd683e465aece204f88377189234b507) Importer(815301076,1909f56bfc062723c751e8b465ee728b)  -> (artifact id: '846243e4f1ffa18da23d500504f99977') in 0.013062 seconds
Number of updated asset objects reloaded before import = 0
Number of asset objects unloaded after import = 73
========================================================================
Received Import Request.
  Time since last request: 0.013047 seconds.
  path: Assets/Prefabs/Player.prefab
  artifactKey: Guid(1e8c93b646427db4b9b2dffbdba95ca5) Importer(815301076,1909f56bfc062723c751e8b465ee728b)
Start importing Assets/Prefabs/Player.prefab using Guid(1e8c93b646427db4b9b2dffbdba95ca5) Importer(815301076,1909f56bfc062723c751e8b465ee728b)  -> (artifact id: 'b622490d20da460d7e25d4998bf570c8') in 0.044573 seconds
Number of updated asset objects reloaded before import = 0
Number of asset objects unloaded after import = 1045
========================================================================
Received Import Request.
  Time since last request: 12.957405 seconds.
  path: Assets/Prefabs/LeafTreeSmall.prefab
  artifactKey: Guid(6399d96adcba8c54a9635b7e6badc901) Importer(815301076,1909f56bfc062723c751e8b465ee728b)
Start importing Assets/Prefabs/LeafTreeSmall.prefab using Guid(6399d96adcba8c54a9635b7e6badc901) Importer(815301076,1909f56bfc062723c751e8b465ee728b)  -> (artifact id: 'aeaaa5dfee2b3277f377cff9ba6d1aa3') in 0.010579 seconds
Number of updated asset objects reloaded before import = 0
Number of asset objects unloaded after import = 33
========================================================================
Received Import Request.
  Time since last request: 0.575658 seconds.
  path: Assets/Prefabs/LeafTreeSmall.prefab
  artifactKey: Guid(6399d96adcba8c54a9635b7e6badc901) Importer(815301076,1909f56bfc062723c751e8b465ee728b)
Start importing Assets/Prefabs/LeafTreeSmall.prefab using Guid(6399d96adcba8c54a9635b7e6badc901) Importer(815301076,1909f56bfc062723c751e8b465ee728b)  -> (artifact id: 'c483f9fc0e7e3b78df7b7ed64d177daf') in 0.010566 seconds
Number of updated asset objects reloaded before import = 0
Number of asset objects unloaded after import = 33
========================================================================
Received Import Request.
  Time since last request: 13.286278 seconds.
  path: Assets/Prefabs/PalmTreeLarge.prefab
  artifactKey: Guid(3e8f7bed364af5b448ca262047dee8e1) Importer(815301076,1909f56bfc062723c751e8b465ee728b)
Start importing Assets/Prefabs/PalmTreeLarge.prefab using Guid(3e8f7bed364af5b448ca262047dee8e1) Importer(815301076,1909f56bfc062723c751e8b465ee728b)  -> (artifact id: 'bb8013b217b20f7d347c3e5ab819eeff') in 0.011092 seconds
Number of updated asset objects reloaded before import = 0
Number of asset objects unloaded after import = 33
========================================================================
Received Import Request.
  Time since last request: 5.026333 seconds.
  path: Assets/Prefabs/PalmTreeSmall.prefab
  artifactKey: Guid(65e66a68d60444f4d8bd281348dd64ea) Importer(815301076,1909f56bfc062723c751e8b465ee728b)
Start importing Assets/Prefabs/PalmTreeSmall.prefab using Guid(65e66a68d60444f4d8bd281348dd64ea) Importer(815301076,1909f56bfc062723c751e8b465ee728b)  -> (artifact id: 'd1ce983cc027db8d8d4238ceb46ca37b') in 0.011763 seconds
Number of updated asset objects reloaded before import = 0
Number of asset objects unloaded after import = 33
========================================================================
Received Import Request.
  Time since last request: 5.206998 seconds.
  path: Assets/Prefabs/PalmTreeSmall.prefab
  artifactKey: Guid(65e66a68d60444f4d8bd281348dd64ea) Importer(815301076,1909f56bfc062723c751e8b465ee728b)
Start importing Assets/Prefabs/PalmTreeSmall.prefab using Guid(65e66a68d60444f4d8bd281348dd64ea) Importer(815301076,1909f56bfc062723c751e8b465ee728b)  -> (artifact id: '1cf777aef2c6b41762c4c98ee29c6b66') in 0.011133 seconds
Number of updated asset objects reloaded before import = 0
Number of asset objects unloaded after import = 33
========================================================================
Received Import Request.
  Time since last request: 0.780165 seconds.
  path: Assets/Prefabs/PalmTreeSmall.prefab
  artifactKey: Guid(65e66a68d60444f4d8bd281348dd64ea) Importer(815301076,1909f56bfc062723c751e8b465ee728b)
Start importing Assets/Prefabs/PalmTreeSmall.prefab using Guid(65e66a68d60444f4d8bd281348dd64ea) Importer(815301076,1909f56bfc062723c751e8b465ee728b)  -> (artifact id: 'd7769cb4bce46f7b46a0b6daa1ef9e3e') in 0.014336 seconds
Number of updated asset objects reloaded before import = 0
Number of asset objects unloaded after import = 33
========================================================================
Received Import Request.
  Time since last request: 8.258448 seconds.
  path: Assets/Prefabs/LeafTreeLarge.prefab
  artifactKey: Guid(2e8952e209034364b8161421102ee4e4) Importer(815301076,1909f56bfc062723c751e8b465ee728b)
Start importing Assets/Prefabs/LeafTreeLarge.prefab using Guid(2e8952e209034364b8161421102ee4e4) Importer(815301076,1909f56bfc062723c751e8b465ee728b)  -> (artifact id: '071c784cae71fbe788bf19e3c3b741c6') in 0.014208 seconds
Number of updated asset objects reloaded before import = 0
Number of asset objects unloaded after import = 33
========================================================================
Received Import Request.
  Time since last request: 1.572379 seconds.
  path: Assets/Prefabs/LeafTreeLarge.prefab
  artifactKey: Guid(2e8952e209034364b8161421102ee4e4) Importer(815301076,1909f56bfc062723c751e8b465ee728b)
Start importing Assets/Prefabs/LeafTreeLarge.prefab using Guid(2e8952e209034364b8161421102ee4e4) Importer(815301076,1909f56bfc062723c751e8b465ee728b)  -> (artifact id: 'b5749625d0f00f24b4841fe31a96c629') in 0.014217 seconds
Number of updated asset objects reloaded before import = 0
Number of asset objects unloaded after import = 33
========================================================================
Received Import Request.
  Time since last request: 5.239982 seconds.
  path: Assets/Prefabs/PineTreeLarge.prefab
  artifactKey: Guid(009d6c3b57e6b0643b0fed7350a7107b) Importer(815301076,1909f56bfc062723c751e8b465ee728b)
Start importing Assets/Prefabs/PineTreeLarge.prefab using Guid(009d6c3b57e6b0643b0fed7350a7107b) Importer(815301076,1909f56bfc062723c751e8b465ee728b)  -> (artifact id: 'c7cfc1c0aa0ce1d009f2669e6c661c79') in 0.011689 seconds
Number of updated asset objects reloaded before import = 0
Number of asset objects unloaded after import = 33
========================================================================
Received Import Request.
  Time since last request: 1.602133 seconds.
  path: Assets/Prefabs/PineTreeLarge.prefab
  artifactKey: Guid(009d6c3b57e6b0643b0fed7350a7107b) Importer(815301076,1909f56bfc062723c751e8b465ee728b)
Start importing Assets/Prefabs/PineTreeLarge.prefab using Guid(009d6c3b57e6b0643b0fed7350a7107b) Importer(815301076,1909f56bfc062723c751e8b465ee728b)  -> (artifact id: 'ba458f3881639a2854c4f1945c8a7b27') in 0.012773 seconds
Number of updated asset objects reloaded before import = 0
Number of asset objects unloaded after import = 33
========================================================================
Received Import Request.
  Time since last request: 19.534738 seconds.
  path: Assets/Prefabs/Player.prefab
  artifactKey: Guid(1e8c93b646427db4b9b2dffbdba95ca5) Importer(815301076,1909f56bfc062723c751e8b465ee728b)
Start importing Assets/Prefabs/Player.prefab using Guid(1e8c93b646427db4b9b2dffbdba95ca5) Importer(815301076,1909f56bfc062723c751e8b465ee728b)  -> (artifact id: 'a881951df4f22a48cc39bcf99e800eca') in 0.046130 seconds
Number of updated asset objects reloaded before import = 0
Number of asset objects unloaded after import = 1057
========================================================================
Received Import Request.
  Time since last request: 9.183300 seconds.
  path: Assets/Prefabs/Player.prefab
  artifactKey: Guid(1e8c93b646427db4b9b2dffbdba95ca5) Importer(815301076,1909f56bfc062723c751e8b465ee728b)
Start importing Assets/Prefabs/Player.prefab using Guid(1e8c93b646427db4b9b2dffbdba95ca5) Importer(815301076,1909f56bfc062723c751e8b465ee728b)  -> (artifact id: '87f397eb4e0159320fd24ee597e7a5bf') in 0.046225 seconds
Number of updated asset objects reloaded before import = 0
Number of asset objects unloaded after import = 1057
========================================================================
Received Import Request.
  Time since last request: 2.759590 seconds.
  path: Assets/Prefabs/Player.prefab
  artifactKey: Guid(1e8c93b646427db4b9b2dffbdba95ca5) Importer(815301076,1909f56bfc062723c751e8b465ee728b)
Start importing Assets/Prefabs/Player.prefab using Guid(1e8c93b646427db4b9b2dffbdba95ca5) Importer(815301076,1909f56bfc062723c751e8b465ee728b)  -> (artifact id: '4f170f00c79a88594ba4d745ea3bf2c8') in 0.046884 seconds
Number of updated asset objects reloaded before import = 0
Number of asset objects unloaded after import = 1057
========================================================================
Received Prepare
Begin MonoManager ReloadAssembly
- Loaded All Assemblies, in  0.296 seconds
Refreshing native plugins compatible for Editor in 2.68 ms, found 3 plugins.
Native extension for WindowsStandalone target not found
Native extension for Android target not found
[Package Manager] Server::EnsureServerProcessIsRunning -- launch failed, reason: Unity was launched with the -noUpm command-line argument
[Package Manager] UpmClient::Send -- Unable to send message (not connected to UPM process).
[Package Manager] Cannot connect to Unity Package Manager local server
Mono: successfully reloaded assembly
- Finished resetting the current domain, in  0.766 seconds
Domain Reload Profiling: 1061ms
	BeginReloadAssembly (110ms)
		ExecutionOrderSort (0ms)
		DisableScriptedObjects (7ms)
		BackupInstance (0ms)
		ReleaseScriptingObjects (0ms)
		CreateAndSetChildDomain (29ms)
	RebuildCommonClasses (18ms)
	RebuildNativeTypeToScriptingClass (6ms)
	initialDomainReloadingComplete (18ms)
	LoadAllAssembliesAndSetupDomain (141ms)
		LoadAssemblies (178ms)
		RebuildTransferFunctionScriptingTraits (0ms)
		AnalyzeDomain (12ms)
			TypeCache.Refresh (5ms)
				TypeCache.ScanAssembly (0ms)
			ScanForSourceGeneratedMonoScriptInfo (0ms)
			ResolveRequiredComponents (7ms)
	FinalizeReload (766ms)
		ReleaseScriptCaches (0ms)
		RebuildScriptCaches (0ms)
		SetupLoadedEditorAssemblies (372ms)
			LogAssemblyErrors (0ms)
			InitializePlatformSupportModulesInManaged (14ms)
			SetLoadedEditorAssemblies (3ms)
			RefreshPlugins (0ms)
			BeforeProcessingInitializeOnLoad (45ms)
			ProcessInitializeOnLoadAttributes (276ms)
			ProcessInitializeOnLoadMethodAttributes (30ms)
			AfterProcessingInitializeOnLoad (4ms)
			EditorAssembliesLoaded (0ms)
		ExecutionOrderSort2 (0ms)
		AwakeInstancesAfterBackupRestoration (11ms)
Refreshing native plugins compatible for Editor in 3.93 ms, found 3 plugins.
Preloading 0 native plugins for Editor in 0.00 ms.
Unloading 5404 Unused Serialized files (Serialized files now loaded: 0)
Unloading 50 unused Assets / (0.7 MB). Loaded Objects now: 6230.
Memory consumption went from 210.1 MB to 209.4 MB.
Total: 4.745100 ms (FindLiveObjects: 0.464100 ms CreateObjectMapping: 0.154600 ms MarkObjects: 3.637800 ms  DeleteObjects: 0.486100 ms)

Prepare: number of updated asset objects reloaded= 0
AssetImportParameters requested are different than current active one (requested -> active):
  custom:container-demuxer-ogg: 62fdf1f143b41e24485cea50d1cbac27 -> 
  custom:video-codec-MediaFoundation-h265: 746d11721c4dcdbdad8f713fa42b33f4 -> 
  custom:video-decoder-ogg-theora: a1e56fd34408186e4bbccfd4996cb3dc -> 
  custom:framework-win-MediaFoundation: 216162199b28c13a410421893ffa2e32 -> 
  custom:CustomObjectIndexerAttribute: 62b5816608c3102f162a1797e29626cf -> 
  custom:container-demuxer-webm: 4f35f7cbe854078d1ac9338744f61a02 -> 
  custom:container-muxer-webm: aa71ff27fc2769a1b78a27578f13a17b -> 
  custom:video-decoder-webm-vp8: 9c59270c3fd7afecdb556c50c9e8de78 -> 
  custom:SearchIndexIgnoredProperties: e643bd26f0fe6173181afceb89e7c659 -> 
  custom:AudioImporter_EditorPlatform: d09bf68614088b80899f8185d706f6e7 -> 
  custom:video-encoder-webm-vp8: eb34c28f22e8b96e1ab97ce403110664 -> 
  custom:audio-decoder-ogg-vorbis: bf7c407c2cedff20999df2af8eb42d56 -> 
  custom:audio-encoder-webm-vorbis: bf7c407c2cedff20999df2af8eb42d56 -> 
========================================================================
Received Import Request.
  Time since last request: 185.633297 seconds.
  path: Assets/Prefabs/Player.prefab
  artifactKey: Guid(1e8c93b646427db4b9b2dffbdba95ca5) Importer(815301076,1909f56bfc062723c751e8b465ee728b)
Start importing Assets/Prefabs/Player.prefab using Guid(1e8c93b646427db4b9b2dffbdba95ca5) Importer(815301076,1909f56bfc062723c751e8b465ee728b)  -> (artifact id: '1ddd682871e7089d2cfa788deab71f43') in 0.206976 seconds
Number of updated asset objects reloaded before import = 0
Number of asset objects unloaded after import = 1075
========================================================================
Received Prepare
Begin MonoManager ReloadAssembly
- Loaded All Assemblies, in  0.299 seconds
Refreshing native plugins compatible for Editor in 2.38 ms, found 3 plugins.
Native extension for WindowsStandalone target not found
Native extension for Android target not found
[Package Manager] Server::EnsureServerProcessIsRunning -- launch failed, reason: Unity was launched with the -noUpm command-line argument
[Package Manager] UpmClient::Send -- Unable to send message (not connected to UPM process).
[Package Manager] Cannot connect to Unity Package Manager local server
Mono: successfully reloaded assembly
- Finished resetting the current domain, in  0.781 seconds
Domain Reload Profiling: 1078ms
	BeginReloadAssembly (112ms)
		ExecutionOrderSort (0ms)
		DisableScriptedObjects (6ms)
		BackupInstance (0ms)
		ReleaseScriptingObjects (0ms)
		CreateAndSetChildDomain (30ms)
	RebuildCommonClasses (18ms)
	RebuildNativeTypeToScriptingClass (6ms)
	initialDomainReloadingComplete (18ms)
	LoadAllAssembliesAndSetupDomain (142ms)
		LoadAssemblies (181ms)
		RebuildTransferFunctionScriptingTraits (0ms)
		AnalyzeDomain (12ms)
			TypeCache.Refresh (5ms)
				TypeCache.ScanAssembly (0ms)
			ScanForSourceGeneratedMonoScriptInfo (0ms)
			ResolveRequiredComponents (6ms)
	FinalizeReload (781ms)
		ReleaseScriptCaches (0ms)
		RebuildScriptCaches (0ms)
		SetupLoadedEditorAssemblies (364ms)
			LogAssemblyErrors (0ms)
			InitializePlatformSupportModulesInManaged (14ms)
			SetLoadedEditorAssemblies (2ms)
			RefreshPlugins (0ms)
			BeforeProcessingInitializeOnLoad (43ms)
			ProcessInitializeOnLoadAttributes (271ms)
			ProcessInitializeOnLoadMethodAttributes (30ms)
			AfterProcessingInitializeOnLoad (4ms)
			EditorAssembliesLoaded (0ms)
		ExecutionOrderSort2 (0ms)
		AwakeInstancesAfterBackupRestoration (11ms)
Refreshing native plugins compatible for Editor in 3.15 ms, found 3 plugins.
Preloading 0 native plugins for Editor in 0.00 ms.
Unloading 5404 Unused Serialized files (Serialized files now loaded: 0)
Unloading 50 unused Assets / (0.7 MB). Loaded Objects now: 6270.
Memory consumption went from 212.1 MB to 211.4 MB.
Total: 4.618500 ms (FindLiveObjects: 0.517800 ms CreateObjectMapping: 0.148000 ms MarkObjects: 3.593600 ms  DeleteObjects: 0.358000 ms)

Prepare: number of updated asset objects reloaded= 0
AssetImportParameters requested are different than current active one (requested -> active):
  custom:container-demuxer-ogg: 62fdf1f143b41e24485cea50d1cbac27 -> 
  custom:video-codec-MediaFoundation-h265: 746d11721c4dcdbdad8f713fa42b33f4 -> 
  custom:video-decoder-ogg-theora: a1e56fd34408186e4bbccfd4996cb3dc -> 
  custom:framework-win-MediaFoundation: 216162199b28c13a410421893ffa2e32 -> 
  custom:CustomObjectIndexerAttribute: 62b5816608c3102f162a1797e29626cf -> 
  custom:container-demuxer-webm: 4f35f7cbe854078d1ac9338744f61a02 -> 
  custom:container-muxer-webm: aa71ff27fc2769a1b78a27578f13a17b -> 
  custom:video-decoder-webm-vp8: 9c59270c3fd7afecdb556c50c9e8de78 -> 
  custom:SearchIndexIgnoredProperties: e643bd26f0fe6173181afceb89e7c659 -> 
  custom:AudioImporter_EditorPlatform: d09bf68614088b80899f8185d706f6e7 -> 
  custom:video-encoder-webm-vp8: eb34c28f22e8b96e1ab97ce403110664 -> 
  custom:audio-decoder-ogg-vorbis: bf7c407c2cedff20999df2af8eb42d56 -> 
  custom:audio-encoder-webm-vorbis: bf7c407c2cedff20999df2af8eb42d56 -> 
========================================================================
Received Import Request.
  Time since last request: 939.502028 seconds.
  path: Assets/Settings/URP-HighFidelity-Renderer.asset
  artifactKey: Guid(c40be3174f62c4acf8c1216858c64956) Importer(815301076,1909f56bfc062723c751e8b465ee728b)
Start importing Assets/Settings/URP-HighFidelity-Renderer.asset using Guid(c40be3174f62c4acf8c1216858c64956) Importer(815301076,1909f56bfc062723c751e8b465ee728b)  -> (artifact id: '84c300404ddc2b8f695bcc169c5ef89c') in 0.015865 seconds
Number of updated asset objects reloaded before import = 0
Number of asset objects unloaded after import = 0
========================================================================
Received Import Request.
  Time since last request: 142.017979 seconds.
  path: Assets/Materials/Textures/FadedCircle.png
  artifactKey: Guid(6c208aaa172c6314890c4c232f36e755) Importer(815301076,1909f56bfc062723c751e8b465ee728b)
Start importing Assets/Materials/Textures/FadedCircle.png using Guid(6c208aaa172c6314890c4c232f36e755) Importer(815301076,1909f56bfc062723c751e8b465ee728b)  -> (artifact id: 'a8cb7b8e6d9b84518f02fe1f042623a2') in 0.025300 seconds
Number of updated asset objects reloaded before import = 0
Number of asset objects unloaded after import = 2
========================================================================
Received Import Request.
  Time since last request: 48.765796 seconds.
  path: Assets/Materials/ShadowDecal.mat
  artifactKey: Guid(798f6654526ea8043bbc34cef6ca7980) Importer(815301076,1909f56bfc062723c751e8b465ee728b)
Start importing Assets/Materials/ShadowDecal.mat using Guid(798f6654526ea8043bbc34cef6ca7980) Importer(815301076,1909f56bfc062723c751e8b465ee728b)  -> (artifact id: 'adfff635b5063ec1fdc8b2d1036698d1') in 0.130090 seconds
Number of updated asset objects reloaded before import = 3
Number of asset objects unloaded after import = 21
========================================================================
Received Import Request.
  Time since last request: 7.299226 seconds.
  path: Assets/Settings/URP-HighFidelity-Renderer.asset
  artifactKey: Guid(c40be3174f62c4acf8c1216858c64956) Importer(815301076,1909f56bfc062723c751e8b465ee728b)
Start importing Assets/Settings/URP-HighFidelity-Renderer.asset using Guid(c40be3174f62c4acf8c1216858c64956) Importer(815301076,1909f56bfc062723c751e8b465ee728b)  -> (artifact id: '5d3a1d3ea9f32b83eee6aa996b17d62e') in 0.000871 seconds
Number of updated asset objects reloaded before import = 0
Number of asset objects unloaded after import = 0
========================================================================
Received Import Request.
  Time since last request: 236.154749 seconds.
  path: Assets/Settings/URP-HighFidelity-Renderer.asset
  artifactKey: Guid(c40be3174f62c4acf8c1216858c64956) Importer(815301076,1909f56bfc062723c751e8b465ee728b)
Start importing Assets/Settings/URP-HighFidelity-Renderer.asset using Guid(c40be3174f62c4acf8c1216858c64956) Importer(815301076,1909f56bfc062723c751e8b465ee728b)  -> (artifact id: 'ec86a386cc654a513b0fd856e54f447f') in 0.001100 seconds
Number of updated asset objects reloaded before import = 3
Number of asset objects unloaded after import = 0
========================================================================
Received Prepare
Begin MonoManager ReloadAssembly
- Loaded All Assemblies, in  0.299 seconds
Refreshing native plugins compatible for Editor in 2.43 ms, found 3 plugins.
Native extension for WindowsStandalone target not found
Native extension for Android target not found
[Package Manager] Server::EnsureServerProcessIsRunning -- launch failed, reason: Unity was launched with the -noUpm command-line argument
[Package Manager] UpmClient::Send -- Unable to send message (not connected to UPM process).
[Package Manager] Cannot connect to Unity Package Manager local server
Mono: successfully reloaded assembly
- Finished resetting the current domain, in  0.807 seconds
Domain Reload Profiling: 1104ms
	BeginReloadAssembly (112ms)
		ExecutionOrderSort (0ms)
		DisableScriptedObjects (6ms)
		BackupInstance (0ms)
		ReleaseScriptingObjects (0ms)
		CreateAndSetChildDomain (31ms)
	RebuildCommonClasses (19ms)
	RebuildNativeTypeToScriptingClass (6ms)
	initialDomainReloadingComplete (18ms)
	LoadAllAssembliesAndSetupDomain (141ms)
		LoadAssemblies (180ms)
		RebuildTransferFunctionScriptingTraits (0ms)
		AnalyzeDomain (12ms)
			TypeCache.Refresh (5ms)
				TypeCache.ScanAssembly (0ms)
			ScanForSourceGeneratedMonoScriptInfo (0ms)
			ResolveRequiredComponents (6ms)
	FinalizeReload (807ms)
		ReleaseScriptCaches (0ms)
		RebuildScriptCaches (0ms)
		SetupLoadedEditorAssemblies (378ms)
			LogAssemblyErrors (0ms)
			InitializePlatformSupportModulesInManaged (14ms)
			SetLoadedEditorAssemblies (2ms)
			RefreshPlugins (0ms)
			BeforeProcessingInitializeOnLoad (42ms)
			ProcessInitializeOnLoadAttributes (285ms)
			ProcessInitializeOnLoadMethodAttributes (31ms)
			AfterProcessingInitializeOnLoad (4ms)
			EditorAssembliesLoaded (0ms)
		ExecutionOrderSort2 (0ms)
		AwakeInstancesAfterBackupRestoration (12ms)
Refreshing native plugins compatible for Editor in 3.84 ms, found 3 plugins.
Preloading 0 native plugins for Editor in 0.00 ms.
Unloading 5404 Unused Serialized files (Serialized files now loaded: 0)
Unloading 50 unused Assets / (0.7 MB). Loaded Objects now: 6310.
Memory consumption went from 214.1 MB to 213.4 MB.
Total: 3.780800 ms (FindLiveObjects: 0.565000 ms CreateObjectMapping: 0.215600 ms MarkObjects: 2.645500 ms  DeleteObjects: 0.353800 ms)

Prepare: number of updated asset objects reloaded= 0
AssetImportParameters requested are different than current active one (requested -> active):
  custom:container-demuxer-ogg: 62fdf1f143b41e24485cea50d1cbac27 -> 
  custom:video-codec-MediaFoundation-h265: 746d11721c4dcdbdad8f713fa42b33f4 -> 
  custom:video-decoder-ogg-theora: a1e56fd34408186e4bbccfd4996cb3dc -> 
  custom:framework-win-MediaFoundation: 216162199b28c13a410421893ffa2e32 -> 
  custom:CustomObjectIndexerAttribute: 62b5816608c3102f162a1797e29626cf -> 
  custom:container-demuxer-webm: 4f35f7cbe854078d1ac9338744f61a02 -> 
  custom:container-muxer-webm: aa71ff27fc2769a1b78a27578f13a17b -> 
  custom:video-decoder-webm-vp8: 9c59270c3fd7afecdb556c50c9e8de78 -> 
  custom:SearchIndexIgnoredProperties: e643bd26f0fe6173181afceb89e7c659 -> 
  custom:AudioImporter_EditorPlatform: d09bf68614088b80899f8185d706f6e7 -> 
  custom:video-encoder-webm-vp8: eb34c28f22e8b96e1ab97ce403110664 -> 
  custom:audio-decoder-ogg-vorbis: bf7c407c2cedff20999df2af8eb42d56 -> 
  custom:audio-encoder-webm-vorbis: bf7c407c2cedff20999df2af8eb42d56 -> 
